2019-09-15 22:32:21,542:BbgLogger:Trying to connect to localhost:8194
2019-09-15 22:32:21,702:BbgLogger:Initializing connection to BLP API: Starting BLP Session
2019-09-15 22:32:21,748:BbgLogger:Successfully started blpapi session with SESSION_STATUS response of type SessionConnectionUp
2019-09-15 22:32:21,748:BbgLogger:'SESSION_STATUS' response returned with content:
SessionConnectionUp
2019-09-15 22:32:21,749:BbgLogger:Initializing connection to BLP API: Opening BLP Service
2019-09-15 22:32:22,245:BbgLogger:Successfully opened //blp/refdata service with SESSION_STATUS response of type SessionStarted
2019-09-15 22:32:22,245:BbgLogger:'SESSION_STATUS' response returned with content:
SessionStarted
2019-09-15 22:32:22,245:BbgLogger:Creating refdata request...
2019-09-15 22:32:24,905:BbgLogger:ReferenceDataResponse = {
    securityData[] = {
        securityData = {
            security = "YCGT0025 Index"
            eidData[] = {
            }
            fieldExceptions[] = {
            }
            sequenceNumber = 0
            fieldData = {
                CURVE_TENOR_RATES[] = {
                    CURVE_TENOR_RATES = {
                        Tenor = "3M"
                        Tenor Ticker = "912795YG Govt"
                        Ask Yield = 5.041000
                        Mid Yield = 5.046000
                        Bid Yield = 5.051000
                        Last Update = 2006-08-30
                    }
                    CURVE_TENOR_RATES = {
                        Tenor = "6M"
                        Tenor Ticker = "912795YV Govt"
                        Ask Yield = 5.126000
                        Mid Yield = 5.132000
                        Bid Yield = 5.137000
                        Last Update = 2006-08-30
                    }
                    CURVE_TENOR_RATES = {
                        Tenor = "2Y"
                        Tenor Ticker = "912828FR Govt"
                        Ask Yield = 4.809000
                        Mid Yield = 4.813000
                        Bid Yield = 4.817000
                        Last Update = 2006-08-30
                    }
                    CURVE_TENOR_RATES = {
                        Tenor = "3Y"
                        Tenor Ticker = "912828FP Govt"
                        Ask Yield = 4.737000
                        Mid Yield = 4.740000
                        Bid Yield = 4.742000
                        Last Update = 2006-08-30
                    }
                    CURVE_TENOR_RATES = {
                        Tenor = "5Y"
                        Tenor Ticker = "912828FN Govt"
                        Ask Yield = 4.723000
                        Mid Yield = 4.725000
                        Bid Yield = 4.727000
                        Last Update = 2006-08-30
                    }
                    CURVE_TENOR_RATES = {
                        Tenor = "10Y"
                        Tenor Ticker = "912828FQ Govt"
                        Ask Yield = 4.751000
                        Mid Yield = 4.753000
                        Bid Yield = 4.755000
                        Last Update = 2006-08-30
                    }
                    CURVE_TENOR_RATES = {
                        Tenor = "30Y"
                        Tenor Ticker = "912810FT Govt"
                        Ask Yield = 4.904000
                        Mid Yield = 4.905000
                        Bid Yield = 4.906000
                        Last Update = 2006-08-30
                    }
                }
            }
        }
        securityData = {
            security = "YCGT0016 Index"
            eidData[] = {
            }
            fieldExceptions[] = {
            }
            sequenceNumber = 1
            fieldData = {
                CURVE_TENOR_RATES[] = {
                    CURVE_TENOR_RATES = {
                        Tenor = "3M"
                        Tenor Ticker = "EF401230 Corp"
                        Ask Yield = 2.912000
                        Mid Yield = 3.033000
                        Bid Yield = 3.155000
                        Last Update = 2006-08-30
                    }
                    CURVE_TENOR_RATES = {
                        Tenor = "6M"
                        Tenor Ticker = "EF607618 Corp"
                        Ask Yield = 3.173000
                        Mid Yield = 3.229000
                        Bid Yield = 3.285000
                        Last Update = 2006-08-30
                    }
                    CURVE_TENOR_RATES = {
                        Tenor = "1Y"
                        Tenor Ticker = "ED970825 Corp"
                        Ask Yield = 3.395000
                        Mid Yield = 3.428000
                        Bid Yield = 3.462000
                        Last Update = 2006-08-30
                    }
                    CURVE_TENOR_RATES = {
                        Tenor = "2Y"
                        Tenor Ticker = "EF487202 Corp"
                        Ask Yield = 3.500000
                        Mid Yield = 3.515000
                        Bid Yield = 3.530000
                        Last Update = 2006-08-30
                    }
                    CURVE_TENOR_RATES = {
                        Tenor = "3Y"
                        Tenor Ticker = "ED317812 Corp"
                        Ask Yield = 3.531000
                        Mid Yield = 3.542000
                        Bid Yield = 3.552000
                        Last Update = 2006-08-30
                    }
                    CURVE_TENOR_RATES = {
                        Tenor = "4Y"
                        Tenor Ticker = "ED873055 Corp"
                        Ask Yield = 3.578000
                        Mid Yield = 3.585000
                        Bid Yield = 3.593000
                        Last Update = 2006-08-30
                    }
                    CURVE_TENOR_RATES = {
                        Tenor = "5Y"
                        Tenor Ticker = "EF325348 Corp"
                        Ask Yield = 3.611000
                        Mid Yield = 3.617000
                        Bid Yield = 3.623000
                        Last Update = 2006-08-30
                    }
                    CURVE_TENOR_RATES = {
                        Tenor = "6Y"
                        Tenor Ticker = "EC601725 Corp"
                        Ask Yield = 3.671000
                        Mid Yield = 3.676000
                        Bid Yield = 3.680000
                        Last Update = 2006-08-30
                    }
                    CURVE_TENOR_RATES = {
                        Tenor = "7Y"
                        Tenor Ticker = "ED033382 Corp"
                        Ask Yield = 3.699000
                        Mid Yield = 3.704000
                        Bid Yield = 3.709000
                        Last Update = 2006-08-30
                    }
                    CURVE_TENOR_RATES = {
                        Tenor = "8Y"
                        Tenor Ticker = "ED463939 Corp"
                        Ask Yield = 3.740000
                        Mid Yield = 3.745000
                        Bid Yield = 3.749000
                        Last Update = 2006-08-30
                    }
                    CURVE_TENOR_RATES = {
                        Tenor = "9Y"
                        Tenor Ticker = "ED936651 Corp"
                        Ask Yield = 3.756000
                        Mid Yield = 3.760000
                        Bid Yield = 3.764000
                        Last Update = 2006-08-30
                    }
                    CURVE_TENOR_RATES = {
                        Tenor = "10Y"
                        Tenor Ticker = "EF404897 Corp"
                        Ask Yield = 3.793000
                        Mid Yield = 3.797000
                        Bid Yield = 3.801000
                        Last Update = 2006-08-30
                    }
                    CURVE_TENOR_RATES = {
                        Tenor = "20Y"
                        Tenor Ticker = "GG729179 Corp"
                        Ask Yield = 4.037000
                        Mid Yield = 4.040000
                        Bid Yield = 4.043000
                        Last Update = 2006-08-30
                    }
                    CURVE_TENOR_RATES = {
                        Tenor = "30Y"
                        Tenor Ticker = "ED783809 Corp"
                        Ask Yield = 4.048000
                        Mid Yield = 4.051000
                        Bid Yield = 4.054000
                        Last Update = 2006-08-30
                    }
                }
            }
        }
        securityData = {
            security = "YCGT0001 Index"
            eidData[] = {
            }
            fieldExceptions[] = {
            }
            sequenceNumber = 2
            fieldData = {
                CURVE_TENOR_RATES[] = {
                    CURVE_TENOR_RATES = {
                        Tenor = "1Y"
                        Tenor Ticker = "GG721450 Corp"
                        Ask Yield = 6.008000
                        Mid Yield = 6.023000
                        Bid Yield = 6.038000
                        Last Update = 2006-08-30
                    }
                    CURVE_TENOR_RATES = {
                        Tenor = "2Y"
                        Tenor Ticker = "GG726126 Corp"
                        Ask Yield = 5.853000
                        Mid Yield = 5.868000
                        Bid Yield = 5.883000
                        Last Update = 2006-08-30
                    }
                    CURVE_TENOR_RATES = {
                        Tenor = "3Y"
                        Tenor Ticker = "GG728689 Corp"
                        Ask Yield = 5.812000
                        Mid Yield = 5.827000
                        Bid Yield = 5.842000
                        Last Update = 2006-08-30
                    }
                    CURVE_TENOR_RATES = {
                        Tenor = "4Y"
                        Tenor Ticker = "ED779964 Corp"
                        Ask Yield = 5.780000
                        Mid Yield = 5.795000
                        Bid Yield = 5.810000
                        Last Update = 2006-08-30
                    }
                    CURVE_TENOR_RATES = {
                        Tenor = "5Y"
                        Tenor Ticker = "EC022962 Corp"
                        Ask Yield = 5.749000
                        Mid Yield = 5.764000
                        Bid Yield = 5.779000
                        Last Update = 2006-08-30
                    }
                    CURVE_TENOR_RATES = {
                        Tenor = "7Y"
                        Tenor Ticker = "EC259599 Corp"
                        Ask Yield = 5.698000
                        Mid Yield = 5.713000
                        Bid Yield = 5.728000
                        Last Update = 2006-08-30
                    }
                    CURVE_TENOR_RATES = {
                        Tenor = "9Y"
                        Tenor Ticker = "EC575249 Corp"
                        Ask Yield = 5.656000
                        Mid Yield = 5.671000
                        Bid Yield = 5.686000
                        Last Update = 2006-08-30
                    }
                    CURVE_TENOR_RATES = {
                        Tenor = "10Y"
                        Tenor Ticker = "ED497249 Corp"
                        Ask Yield = 5.649000
                        Mid Yield = 5.664000
                        Bid Yield = 5.679000
                        Last Update = 2006-08-30
                    }
                    CURVE_TENOR_RATES = {
                        Tenor = "15Y"
                        Tenor Ticker = "EF244252 Corp"
                        Ask Yield = 5.663000
                        Mid Yield = 5.678000
                        Bid Yield = 5.693000
                        Last Update = 2006-08-30
                    }
                }
            }
        }
    }
}

2019-09-15 22:32:24,907:BbgLogger:Parsing CHOICE element ReferenceDataResponse
2019-09-15 22:32:24,907:BbgLogger:Parsing ARRAY element securityData
2019-09-15 22:32:24,907:BbgLogger:Parsing SEQUENCE element securityData
2019-09-15 22:32:24,907:BbgLogger:Parsing VALUE element security
2019-09-15 22:32:24,907:BbgLogger:Parsing ARRAY element eidData
2019-09-15 22:32:24,908:BbgLogger:Parsing ARRAY element fieldExceptions
2019-09-15 22:32:24,908:BbgLogger:Parsing VALUE element sequenceNumber
2019-09-15 22:32:24,908:BbgLogger:Parsing SEQUENCE element fieldData
2019-09-15 22:32:24,908:BbgLogger:Parsing ARRAY element CURVE_TENOR_RATES
2019-09-15 22:32:24,908:BbgLogger:Parsing SEQUENCE element CURVE_TENOR_RATES
2019-09-15 22:32:24,909:BbgLogger:Parsing VALUE element Tenor
2019-09-15 22:32:24,909:BbgLogger:Parsing VALUE element Tenor Ticker
2019-09-15 22:32:24,909:BbgLogger:Parsing VALUE element Ask Yield
2019-09-15 22:32:24,909:BbgLogger:Parsing VALUE element Mid Yield
2019-09-15 22:32:24,909:BbgLogger:Parsing VALUE element Bid Yield
2019-09-15 22:32:24,909:BbgLogger:Parsing VALUE element Last Update
2019-09-15 22:32:24,910:BbgLogger:Parsing SEQUENCE element CURVE_TENOR_RATES
2019-09-15 22:32:24,910:BbgLogger:Parsing VALUE element Tenor
2019-09-15 22:32:24,910:BbgLogger:Parsing VALUE element Tenor Ticker
2019-09-15 22:32:24,910:BbgLogger:Parsing VALUE element Ask Yield
2019-09-15 22:32:24,910:BbgLogger:Parsing VALUE element Mid Yield
2019-09-15 22:32:24,910:BbgLogger:Parsing VALUE element Bid Yield
2019-09-15 22:32:24,911:BbgLogger:Parsing VALUE element Last Update
2019-09-15 22:32:24,911:BbgLogger:Parsing SEQUENCE element CURVE_TENOR_RATES
2019-09-15 22:32:24,911:BbgLogger:Parsing VALUE element Tenor
2019-09-15 22:32:24,911:BbgLogger:Parsing VALUE element Tenor Ticker
2019-09-15 22:32:24,911:BbgLogger:Parsing VALUE element Ask Yield
2019-09-15 22:32:24,912:BbgLogger:Parsing VALUE element Mid Yield
2019-09-15 22:32:24,912:BbgLogger:Parsing VALUE element Bid Yield
2019-09-15 22:32:24,912:BbgLogger:Parsing VALUE element Last Update
2019-09-15 22:32:24,912:BbgLogger:Parsing SEQUENCE element CURVE_TENOR_RATES
2019-09-15 22:32:24,912:BbgLogger:Parsing VALUE element Tenor
2019-09-15 22:32:24,912:BbgLogger:Parsing VALUE element Tenor Ticker
2019-09-15 22:32:24,913:BbgLogger:Parsing VALUE element Ask Yield
2019-09-15 22:32:24,913:BbgLogger:Parsing VALUE element Mid Yield
2019-09-15 22:32:24,913:BbgLogger:Parsing VALUE element Bid Yield
2019-09-15 22:32:24,913:BbgLogger:Parsing VALUE element Last Update
2019-09-15 22:32:24,913:BbgLogger:Parsing SEQUENCE element CURVE_TENOR_RATES
2019-09-15 22:32:24,914:BbgLogger:Parsing VALUE element Tenor
2019-09-15 22:32:24,914:BbgLogger:Parsing VALUE element Tenor Ticker
2019-09-15 22:32:24,914:BbgLogger:Parsing VALUE element Ask Yield
2019-09-15 22:32:24,914:BbgLogger:Parsing VALUE element Mid Yield
2019-09-15 22:32:24,914:BbgLogger:Parsing VALUE element Bid Yield
2019-09-15 22:32:24,914:BbgLogger:Parsing VALUE element Last Update
2019-09-15 22:32:24,915:BbgLogger:Parsing SEQUENCE element CURVE_TENOR_RATES
2019-09-15 22:32:24,915:BbgLogger:Parsing VALUE element Tenor
2019-09-15 22:32:24,915:BbgLogger:Parsing VALUE element Tenor Ticker
2019-09-15 22:32:24,915:BbgLogger:Parsing VALUE element Ask Yield
2019-09-15 22:32:24,916:BbgLogger:Parsing VALUE element Mid Yield
2019-09-15 22:32:24,916:BbgLogger:Parsing VALUE element Bid Yield
2019-09-15 22:32:24,916:BbgLogger:Parsing VALUE element Last Update
2019-09-15 22:32:24,916:BbgLogger:Parsing SEQUENCE element CURVE_TENOR_RATES
2019-09-15 22:32:24,917:BbgLogger:Parsing VALUE element Tenor
2019-09-15 22:32:24,917:BbgLogger:Parsing VALUE element Tenor Ticker
2019-09-15 22:32:24,917:BbgLogger:Parsing VALUE element Ask Yield
2019-09-15 22:32:24,917:BbgLogger:Parsing VALUE element Mid Yield
2019-09-15 22:32:24,917:BbgLogger:Parsing VALUE element Bid Yield
2019-09-15 22:32:24,918:BbgLogger:Parsing VALUE element Last Update
2019-09-15 22:32:24,918:BbgLogger:Parsing SEQUENCE element securityData
2019-09-15 22:32:24,918:BbgLogger:Parsing VALUE element security
2019-09-15 22:32:24,918:BbgLogger:Parsing ARRAY element eidData
2019-09-15 22:32:24,918:BbgLogger:Parsing ARRAY element fieldExceptions
2019-09-15 22:32:24,918:BbgLogger:Parsing VALUE element sequenceNumber
2019-09-15 22:32:24,919:BbgLogger:Parsing SEQUENCE element fieldData
2019-09-15 22:32:24,919:BbgLogger:Parsing ARRAY element CURVE_TENOR_RATES
2019-09-15 22:32:24,919:BbgLogger:Parsing SEQUENCE element CURVE_TENOR_RATES
2019-09-15 22:32:24,919:BbgLogger:Parsing VALUE element Tenor
2019-09-15 22:32:24,919:BbgLogger:Parsing VALUE element Tenor Ticker
2019-09-15 22:32:24,919:BbgLogger:Parsing VALUE element Ask Yield
2019-09-15 22:32:24,920:BbgLogger:Parsing VALUE element Mid Yield
2019-09-15 22:32:24,920:BbgLogger:Parsing VALUE element Bid Yield
2019-09-15 22:32:24,920:BbgLogger:Parsing VALUE element Last Update
2019-09-15 22:32:24,920:BbgLogger:Parsing SEQUENCE element CURVE_TENOR_RATES
2019-09-15 22:32:24,920:BbgLogger:Parsing VALUE element Tenor
2019-09-15 22:32:24,920:BbgLogger:Parsing VALUE element Tenor Ticker
2019-09-15 22:32:24,920:BbgLogger:Parsing VALUE element Ask Yield
2019-09-15 22:32:24,920:BbgLogger:Parsing VALUE element Mid Yield
2019-09-15 22:32:24,920:BbgLogger:Parsing VALUE element Bid Yield
2019-09-15 22:32:24,921:BbgLogger:Parsing VALUE element Last Update
2019-09-15 22:32:24,921:BbgLogger:Parsing SEQUENCE element CURVE_TENOR_RATES
2019-09-15 22:32:24,921:BbgLogger:Parsing VALUE element Tenor
2019-09-15 22:32:24,921:BbgLogger:Parsing VALUE element Tenor Ticker
2019-09-15 22:32:24,921:BbgLogger:Parsing VALUE element Ask Yield
2019-09-15 22:32:24,921:BbgLogger:Parsing VALUE element Mid Yield
2019-09-15 22:32:24,922:BbgLogger:Parsing VALUE element Bid Yield
2019-09-15 22:32:24,922:BbgLogger:Parsing VALUE element Last Update
2019-09-15 22:32:24,922:BbgLogger:Parsing SEQUENCE element CURVE_TENOR_RATES
2019-09-15 22:32:24,922:BbgLogger:Parsing VALUE element Tenor
2019-09-15 22:32:24,922:BbgLogger:Parsing VALUE element Tenor Ticker
2019-09-15 22:32:24,923:BbgLogger:Parsing VALUE element Ask Yield
2019-09-15 22:32:24,923:BbgLogger:Parsing VALUE element Mid Yield
2019-09-15 22:32:24,923:BbgLogger:Parsing VALUE element Bid Yield
2019-09-15 22:32:24,923:BbgLogger:Parsing VALUE element Last Update
2019-09-15 22:32:24,923:BbgLogger:Parsing SEQUENCE element CURVE_TENOR_RATES
2019-09-15 22:32:24,924:BbgLogger:Parsing VALUE element Tenor
2019-09-15 22:32:24,924:BbgLogger:Parsing VALUE element Tenor Ticker
2019-09-15 22:32:24,924:BbgLogger:Parsing VALUE element Ask Yield
2019-09-15 22:32:24,924:BbgLogger:Parsing VALUE element Mid Yield
2019-09-15 22:32:24,924:BbgLogger:Parsing VALUE element Bid Yield
2019-09-15 22:32:24,924:BbgLogger:Parsing VALUE element Last Update
2019-09-15 22:32:24,925:BbgLogger:Parsing SEQUENCE element CURVE_TENOR_RATES
2019-09-15 22:32:24,925:BbgLogger:Parsing VALUE element Tenor
2019-09-15 22:32:24,925:BbgLogger:Parsing VALUE element Tenor Ticker
2019-09-15 22:32:24,925:BbgLogger:Parsing VALUE element Ask Yield
2019-09-15 22:32:24,925:BbgLogger:Parsing VALUE element Mid Yield
2019-09-15 22:32:24,926:BbgLogger:Parsing VALUE element Bid Yield
2019-09-15 22:32:24,926:BbgLogger:Parsing VALUE element Last Update
2019-09-15 22:32:24,926:BbgLogger:Parsing SEQUENCE element CURVE_TENOR_RATES
2019-09-15 22:32:24,926:BbgLogger:Parsing VALUE element Tenor
2019-09-15 22:32:24,926:BbgLogger:Parsing VALUE element Tenor Ticker
2019-09-15 22:32:24,926:BbgLogger:Parsing VALUE element Ask Yield
2019-09-15 22:32:24,927:BbgLogger:Parsing VALUE element Mid Yield
2019-09-15 22:32:24,927:BbgLogger:Parsing VALUE element Bid Yield
2019-09-15 22:32:24,927:BbgLogger:Parsing VALUE element Last Update
2019-09-15 22:32:24,927:BbgLogger:Parsing SEQUENCE element CURVE_TENOR_RATES
2019-09-15 22:32:24,927:BbgLogger:Parsing VALUE element Tenor
2019-09-15 22:32:24,927:BbgLogger:Parsing VALUE element Tenor Ticker
2019-09-15 22:32:24,928:BbgLogger:Parsing VALUE element Ask Yield
2019-09-15 22:32:24,928:BbgLogger:Parsing VALUE element Mid Yield
2019-09-15 22:32:24,928:BbgLogger:Parsing VALUE element Bid Yield
2019-09-15 22:32:24,928:BbgLogger:Parsing VALUE element Last Update
2019-09-15 22:32:24,928:BbgLogger:Parsing SEQUENCE element CURVE_TENOR_RATES
2019-09-15 22:32:24,928:BbgLogger:Parsing VALUE element Tenor
2019-09-15 22:32:24,928:BbgLogger:Parsing VALUE element Tenor Ticker
2019-09-15 22:32:24,928:BbgLogger:Parsing VALUE element Ask Yield
2019-09-15 22:32:24,929:BbgLogger:Parsing VALUE element Mid Yield
2019-09-15 22:32:24,929:BbgLogger:Parsing VALUE element Bid Yield
2019-09-15 22:32:24,929:BbgLogger:Parsing VALUE element Last Update
2019-09-15 22:32:24,929:BbgLogger:Parsing SEQUENCE element CURVE_TENOR_RATES
2019-09-15 22:32:24,929:BbgLogger:Parsing VALUE element Tenor
2019-09-15 22:32:24,929:BbgLogger:Parsing VALUE element Tenor Ticker
2019-09-15 22:32:24,929:BbgLogger:Parsing VALUE element Ask Yield
2019-09-15 22:32:24,929:BbgLogger:Parsing VALUE element Mid Yield
2019-09-15 22:32:24,929:BbgLogger:Parsing VALUE element Bid Yield
2019-09-15 22:32:24,930:BbgLogger:Parsing VALUE element Last Update
2019-09-15 22:32:24,930:BbgLogger:Parsing SEQUENCE element CURVE_TENOR_RATES
2019-09-15 22:32:24,930:BbgLogger:Parsing VALUE element Tenor
2019-09-15 22:32:24,930:BbgLogger:Parsing VALUE element Tenor Ticker
2019-09-15 22:32:24,930:BbgLogger:Parsing VALUE element Ask Yield
2019-09-15 22:32:24,930:BbgLogger:Parsing VALUE element Mid Yield
2019-09-15 22:32:24,930:BbgLogger:Parsing VALUE element Bid Yield
2019-09-15 22:32:24,931:BbgLogger:Parsing VALUE element Last Update
2019-09-15 22:32:24,931:BbgLogger:Parsing SEQUENCE element CURVE_TENOR_RATES
2019-09-15 22:32:24,931:BbgLogger:Parsing VALUE element Tenor
2019-09-15 22:32:24,931:BbgLogger:Parsing VALUE element Tenor Ticker
2019-09-15 22:32:24,931:BbgLogger:Parsing VALUE element Ask Yield
2019-09-15 22:32:24,931:BbgLogger:Parsing VALUE element Mid Yield
2019-09-15 22:32:24,931:BbgLogger:Parsing VALUE element Bid Yield
2019-09-15 22:32:24,932:BbgLogger:Parsing VALUE element Last Update
2019-09-15 22:32:24,932:BbgLogger:Parsing SEQUENCE element CURVE_TENOR_RATES
2019-09-15 22:32:24,932:BbgLogger:Parsing VALUE element Tenor
2019-09-15 22:32:24,932:BbgLogger:Parsing VALUE element Tenor Ticker
2019-09-15 22:32:24,932:BbgLogger:Parsing VALUE element Ask Yield
2019-09-15 22:32:24,932:BbgLogger:Parsing VALUE element Mid Yield
2019-09-15 22:32:24,932:BbgLogger:Parsing VALUE element Bid Yield
2019-09-15 22:32:24,932:BbgLogger:Parsing VALUE element Last Update
2019-09-15 22:32:24,933:BbgLogger:Parsing SEQUENCE element CURVE_TENOR_RATES
2019-09-15 22:32:24,933:BbgLogger:Parsing VALUE element Tenor
2019-09-15 22:32:24,933:BbgLogger:Parsing VALUE element Tenor Ticker
2019-09-15 22:32:24,933:BbgLogger:Parsing VALUE element Ask Yield
2019-09-15 22:32:24,933:BbgLogger:Parsing VALUE element Mid Yield
2019-09-15 22:32:24,933:BbgLogger:Parsing VALUE element Bid Yield
2019-09-15 22:32:24,933:BbgLogger:Parsing VALUE element Last Update
2019-09-15 22:32:24,933:BbgLogger:Parsing SEQUENCE element securityData
2019-09-15 22:32:24,933:BbgLogger:Parsing VALUE element security
2019-09-15 22:32:24,934:BbgLogger:Parsing ARRAY element eidData
2019-09-15 22:32:24,934:BbgLogger:Parsing ARRAY element fieldExceptions
2019-09-15 22:32:24,934:BbgLogger:Parsing VALUE element sequenceNumber
2019-09-15 22:32:24,934:BbgLogger:Parsing SEQUENCE element fieldData
2019-09-15 22:32:24,934:BbgLogger:Parsing ARRAY element CURVE_TENOR_RATES
2019-09-15 22:32:24,934:BbgLogger:Parsing SEQUENCE element CURVE_TENOR_RATES
2019-09-15 22:32:24,934:BbgLogger:Parsing VALUE element Tenor
2019-09-15 22:32:24,934:BbgLogger:Parsing VALUE element Tenor Ticker
2019-09-15 22:32:24,934:BbgLogger:Parsing VALUE element Ask Yield
2019-09-15 22:32:24,935:BbgLogger:Parsing VALUE element Mid Yield
2019-09-15 22:32:24,935:BbgLogger:Parsing VALUE element Bid Yield
2019-09-15 22:32:24,935:BbgLogger:Parsing VALUE element Last Update
2019-09-15 22:32:24,935:BbgLogger:Parsing SEQUENCE element CURVE_TENOR_RATES
2019-09-15 22:32:24,935:BbgLogger:Parsing VALUE element Tenor
2019-09-15 22:32:24,935:BbgLogger:Parsing VALUE element Tenor Ticker
2019-09-15 22:32:24,935:BbgLogger:Parsing VALUE element Ask Yield
2019-09-15 22:32:24,935:BbgLogger:Parsing VALUE element Mid Yield
2019-09-15 22:32:24,936:BbgLogger:Parsing VALUE element Bid Yield
2019-09-15 22:32:24,936:BbgLogger:Parsing VALUE element Last Update
2019-09-15 22:32:24,936:BbgLogger:Parsing SEQUENCE element CURVE_TENOR_RATES
2019-09-15 22:32:24,936:BbgLogger:Parsing VALUE element Tenor
2019-09-15 22:32:24,936:BbgLogger:Parsing VALUE element Tenor Ticker
2019-09-15 22:32:24,936:BbgLogger:Parsing VALUE element Ask Yield
2019-09-15 22:32:24,936:BbgLogger:Parsing VALUE element Mid Yield
2019-09-15 22:32:24,936:BbgLogger:Parsing VALUE element Bid Yield
2019-09-15 22:32:24,936:BbgLogger:Parsing VALUE element Last Update
2019-09-15 22:32:24,937:BbgLogger:Parsing SEQUENCE element CURVE_TENOR_RATES
2019-09-15 22:32:24,937:BbgLogger:Parsing VALUE element Tenor
2019-09-15 22:32:24,937:BbgLogger:Parsing VALUE element Tenor Ticker
2019-09-15 22:32:24,937:BbgLogger:Parsing VALUE element Ask Yield
2019-09-15 22:32:24,937:BbgLogger:Parsing VALUE element Mid Yield
2019-09-15 22:32:24,937:BbgLogger:Parsing VALUE element Bid Yield
2019-09-15 22:32:24,937:BbgLogger:Parsing VALUE element Last Update
2019-09-15 22:32:24,937:BbgLogger:Parsing SEQUENCE element CURVE_TENOR_RATES
2019-09-15 22:32:24,937:BbgLogger:Parsing VALUE element Tenor
2019-09-15 22:32:24,938:BbgLogger:Parsing VALUE element Tenor Ticker
2019-09-15 22:32:24,938:BbgLogger:Parsing VALUE element Ask Yield
2019-09-15 22:32:24,938:BbgLogger:Parsing VALUE element Mid Yield
2019-09-15 22:32:24,938:BbgLogger:Parsing VALUE element Bid Yield
2019-09-15 22:32:24,938:BbgLogger:Parsing VALUE element Last Update
2019-09-15 22:32:24,938:BbgLogger:Parsing SEQUENCE element CURVE_TENOR_RATES
2019-09-15 22:32:24,938:BbgLogger:Parsing VALUE element Tenor
2019-09-15 22:32:24,938:BbgLogger:Parsing VALUE element Tenor Ticker
2019-09-15 22:32:24,938:BbgLogger:Parsing VALUE element Ask Yield
2019-09-15 22:32:24,939:BbgLogger:Parsing VALUE element Mid Yield
2019-09-15 22:32:24,939:BbgLogger:Parsing VALUE element Bid Yield
2019-09-15 22:32:24,939:BbgLogger:Parsing VALUE element Last Update
2019-09-15 22:32:24,939:BbgLogger:Parsing SEQUENCE element CURVE_TENOR_RATES
2019-09-15 22:32:24,939:BbgLogger:Parsing VALUE element Tenor
2019-09-15 22:32:24,939:BbgLogger:Parsing VALUE element Tenor Ticker
2019-09-15 22:32:24,940:BbgLogger:Parsing VALUE element Ask Yield
2019-09-15 22:32:24,940:BbgLogger:Parsing VALUE element Mid Yield
2019-09-15 22:32:24,940:BbgLogger:Parsing VALUE element Bid Yield
2019-09-15 22:32:24,940:BbgLogger:Parsing VALUE element Last Update
2019-09-15 22:32:24,940:BbgLogger:Parsing SEQUENCE element CURVE_TENOR_RATES
2019-09-15 22:32:24,941:BbgLogger:Parsing VALUE element Tenor
2019-09-15 22:32:24,941:BbgLogger:Parsing VALUE element Tenor Ticker
2019-09-15 22:32:24,941:BbgLogger:Parsing VALUE element Ask Yield
2019-09-15 22:32:24,941:BbgLogger:Parsing VALUE element Mid Yield
2019-09-15 22:32:24,941:BbgLogger:Parsing VALUE element Bid Yield
2019-09-15 22:32:24,941:BbgLogger:Parsing VALUE element Last Update
2019-09-15 22:32:24,942:BbgLogger:Parsing SEQUENCE element CURVE_TENOR_RATES
2019-09-15 22:32:24,942:BbgLogger:Parsing VALUE element Tenor
2019-09-15 22:32:24,942:BbgLogger:Parsing VALUE element Tenor Ticker
2019-09-15 22:32:24,942:BbgLogger:Parsing VALUE element Ask Yield
2019-09-15 22:32:24,943:BbgLogger:Parsing VALUE element Mid Yield
2019-09-15 22:32:24,943:BbgLogger:Parsing VALUE element Bid Yield
2019-09-15 22:32:24,943:BbgLogger:Parsing VALUE element Last Update
2019-09-15 22:32:25,221:BbgLogger:Session stopped with 'SESSION_STATUS' event of type SessionConnectionDown
2019-09-15 22:32:25,221:BbgLogger:Session stopped with 'SESSION_STATUS' event of type SessionTerminated
